<?xml version="1.0" encoding="UTF-8"?>
<!-- Generated by org.testng.reporters.JUnitReportReporter -->
<testsuite hostname="LAPTOP-64SSV045" failures="0" tests="1" name="TestingAcademy.ValidateNavigator" time="1.184" errors="0" timestamp="2022-05-19T16:52:58 MDT" skipped="0">
  <testcase classname="TestingAcademy.ValidateNavigator" name="validateNavBar" time="1.184"/>
  <system-out/>
</testsuite> <!-- TestingAcademy.ValidateNavigator -->
