<?xml version="1.0" encoding="UTF-8"?>
<!-- Generated by org.testng.reporters.JUnitReportReporter -->
<testsuite hostname="LAPTOP-64SSV045" failures="0" tests="2" name="TestingAcademy.HomePage" time="41.853" errors="0" timestamp="2022-05-19T17:38:39 MDT" skipped="0">
  <testcase classname="TestingAcademy.HomePage" name="basePageNavigation" time="23.311"/>
  <system-out/>
  <testcase classname="TestingAcademy.HomePage" name="basePageNavigation" time="18.542"/>
  <system-out/>
</testsuite> <!-- TestingAcademy.HomePage -->
